C:\Program Files (x86)\MSBuild\Microsoft.Cpp\v4.0\V140\Microsoft.CppBuild.targets(392,5): warning MSB8028: The intermediate directory (C:\Users\ATWindows7\Documents\Repositories\Bootstrap_AI_Practise\2017_07_17_AIPractise_stoy\tmp\Debug\) contains files shared from another project (2017_07_17_AIPractise_stoy.vcxproj).  This can lead to incorrect clean and rebuild behavior.
  Arrival.cpp
  Generating Code...
  Compiling...
  _2017_07_17_AIPractise_stoyApp.cpp
c:\users\atwindows7\documents\repositories\bootstrap_ai_practise\2017_07_17_aipractise_stoy\src\_2017_07_17_aipractise_stoyapp.cpp(36): warning C4018: '<': signed/unsigned mismatch
  PathFinder.cpp
  GraphRenderer2D.cpp
  Graph2D.cpp
  Player.cpp
c:\program files (x86)\microsoft visual studio 14.0\vc\include\type_traits(1491): warning C4244: 'return': conversion from 'float' to 'int', possible loss of data
  c:\program files (x86)\microsoft visual studio 14.0\vc\include\functional(213): note: see reference to function template instantiation '_Rx std::_Invoke_ret<_Rx,_Callable&,_Ty>(std::_Forced<_Rx,false>,_Callable &,_Ty &&)' being compiled
          with
          [
              _Rx=int,
              _Callable=_Decayed,
              _Ty=IGraph<glm::vec2>::Node *
          ]
  c:\program files (x86)\microsoft visual studio 14.0\vc\include\functional(211): note: while compiling class template member function 'int std::_Func_impl<_Decayed,_Alloc,_Ret,IGraph<glm::vec2>::Node *>::_Do_call(IGraph<glm::vec2>::Node *&&)'
          with
          [
              _Alloc=std::allocator<int>,
              _Ret=int
          ]
  c:\program files (x86)\microsoft visual studio 14.0\vc\include\functional(137): note: see reference to class template instantiation 'std::_Func_impl<_Decayed,_Alloc,_Ret,IGraph<glm::vec2>::Node *>' being compiled
          with
          [
              _Alloc=std::allocator<int>,
              _Ret=int
          ]
  c:\program files (x86)\microsoft visual studio 14.0\vc\include\functional(348): note: see reference to class template instantiation 'std::_Is_large<_Myimpl>' being compiled
  c:\program files (x86)\microsoft visual studio 14.0\vc\include\functional(327): note: see reference to function template instantiation 'void std::_Func_class<_Ret,IGraph<glm::vec2>::Node *>::_Reset_alloc<_Ty,std::allocator<int>>(_Fx &&,const _Alloc &)' being compiled
          with
          [
              _Ret=int,
              _Ty=Player::Update::<lambda_bf41c3ccaf499e03a9560de27d540641>,
              _Fx=Player::Update::<lambda_bf41c3ccaf499e03a9560de27d540641>,
              _Alloc=std::allocator<int>
          ]
  c:\program files (x86)\microsoft visual studio 14.0\vc\include\functional(327): note: see reference to function template instantiation 'void std::_Func_class<_Ret,IGraph<glm::vec2>::Node *>::_Reset_alloc<_Ty,std::allocator<int>>(_Fx &&,const _Alloc &)' being compiled
          with
          [
              _Ret=int,
              _Ty=Player::Update::<lambda_bf41c3ccaf499e03a9560de27d540641>,
              _Fx=Player::Update::<lambda_bf41c3ccaf499e03a9560de27d540641>,
              _Alloc=std::allocator<int>
          ]
  c:\program files (x86)\microsoft visual studio 14.0\vc\include\functional(498): note: see reference to function template instantiation 'void std::_Func_class<_Ret,IGraph<glm::vec2>::Node *>::_Reset<Player::Update::<lambda_bf41c3ccaf499e03a9560de27d540641>>(_Fx &&)' being compiled
          with
          [
              _Ret=int,
              _Fx=Player::Update::<lambda_bf41c3ccaf499e03a9560de27d540641>
          ]
  c:\program files (x86)\microsoft visual studio 14.0\vc\include\functional(498): note: see reference to function template instantiation 'void std::_Func_class<_Ret,IGraph<glm::vec2>::Node *>::_Reset<Player::Update::<lambda_bf41c3ccaf499e03a9560de27d540641>>(_Fx &&)' being compiled
          with
          [
              _Ret=int,
              _Fx=Player::Update::<lambda_bf41c3ccaf499e03a9560de27d540641>
          ]
  c:\users\atwindows7\documents\repositories\bootstrap_ai_practise\2017_07_17_aipractise_stoy\src\entities\player.cpp(114): note: see reference to function template instantiation 'std::function<int (IGraph<glm::vec2>::Node *)>::function<Player::Update::<lambda_bf41c3ccaf499e03a9560de27d540641>,float,void>(_Fx)' being compiled
          with
          [
              _Fx=Player::Update::<lambda_bf41c3ccaf499e03a9560de27d540641>
          ]
  c:\users\atwindows7\documents\repositories\bootstrap_ai_practise\2017_07_17_aipractise_stoy\src\entities\player.cpp(114): note: see reference to function template instantiation 'std::function<int (IGraph<glm::vec2>::Node *)>::function<Player::Update::<lambda_bf41c3ccaf499e03a9560de27d540641>,float,void>(_Fx)' being compiled
          with
          [
              _Fx=Player::Update::<lambda_bf41c3ccaf499e03a9560de27d540641>
          ]
  GameObj.cpp
  Wander.cpp
  Seek.cpp
  KeyboardController.cpp
  FollowPath.cpp
  CollisionAvoidance.cpp
  Generating Code...
  2017_07_17_AIPractise_stoy.vcxproj -> C:\Users\ATWindows7\Documents\Repositories\Bootstrap_AI_Practise\2017_07_17_AIPractise_stoy\ProjectName\projectname_Debug.exe
  0 File(s) copied
